[2020-05-27T22:19:05.600] [DEBUG] cheese - login => username:admin,password:123456
[2020-05-27T22:19:05.604] [DEBUG] cheese - admin
[2020-05-27T22:19:05.615] [DEBUG] cheese - null
[2020-05-27T22:19:05.615] [DEBUG] cheese - null
[2020-05-27T22:19:16.539] [DEBUG] cheese - login => username:admin,password:12345
[2020-05-27T22:19:16.540] [DEBUG] cheese - admin
[2020-05-27T22:19:16.543] [DEBUG] cheese - null
[2020-05-27T22:19:16.543] [DEBUG] cheese - null
[2020-05-29T18:27:50.712] [DEBUG] cheese - login => username:abc,password:12315165
[2020-05-29T18:27:50.714] [DEBUG] cheese - abc
[2020-05-29T18:27:50.732] [DEBUG] cheese - null
[2020-05-29T18:27:50.733] [DEBUG] cheese - null
[2020-05-29T18:29:51.328] [DEBUG] cheese - login => username:abc,password:1231124
[2020-05-29T18:29:51.328] [DEBUG] cheese - abc
[2020-05-29T18:29:51.331] [DEBUG] cheese - null
[2020-05-29T18:29:51.331] [DEBUG] cheese - null
[2020-05-29T18:31:03.159] [DEBUG] cheese - login => username:abc,password:12352727
[2020-05-29T18:31:03.159] [DEBUG] cheese - abc
[2020-05-29T18:31:03.162] [DEBUG] cheese - null
[2020-05-29T18:31:03.162] [DEBUG] cheese - null
[2020-05-29T18:40:19.134] [DEBUG] cheese - login => username:admin,password:123456
[2020-05-29T18:40:19.135] [DEBUG] cheese - admin
[2020-05-29T18:40:19.139] [DEBUG] cheese - null
[2020-05-29T18:40:19.139] [DEBUG] cheese - null
[2020-05-29T18:40:30.935] [DEBUG] cheese - login => username:admin,password:1234567
[2020-05-29T18:40:30.935] [DEBUG] cheese - admin
[2020-05-29T18:40:30.937] [DEBUG] cheese - null
[2020-05-29T18:40:30.937] [DEBUG] cheese - null
[2020-05-29T19:44:08.634] [DEBUG] cheese - login => username:abc,password:1235475
[2020-05-29T19:44:08.634] [DEBUG] cheese - abc
[2020-05-29T19:44:08.637] [DEBUG] cheese - null
[2020-05-29T19:44:08.637] [DEBUG] cheese - null
[2020-05-29T19:51:48.865] [DEBUG] cheese - login => username:abc,password:12345454
[2020-05-29T19:51:48.865] [DEBUG] cheese - abc
[2020-05-29T19:51:48.868] [DEBUG] cheese - null
[2020-05-29T19:51:48.869] [DEBUG] cheese - null
[2020-05-29T19:52:04.647] [DEBUG] cheese - login => username:admin,password:123456
[2020-05-29T19:52:04.648] [DEBUG] cheese - admin
[2020-05-29T19:52:04.651] [DEBUG] cheese - null
[2020-05-29T19:52:04.651] [DEBUG] cheese - null
[2020-05-29T19:52:46.254] [DEBUG] cheese - login => username:abc,password:123453453
[2020-05-29T19:52:46.254] [DEBUG] cheese - abc
[2020-05-29T19:52:46.256] [DEBUG] cheese - null
[2020-05-29T19:52:46.256] [DEBUG] cheese - null
[2020-05-29T19:52:55.241] [DEBUG] cheese - login => username:admin,password:123456
[2020-05-29T19:52:55.241] [DEBUG] cheese - admin
[2020-05-29T19:52:55.243] [DEBUG] cheese - null
[2020-05-29T19:52:55.243] [DEBUG] cheese - null
[2020-05-29T20:48:08.336] [DEBUG] cheese - login => username:admin,password:123456
[2020-05-29T20:48:08.336] [DEBUG] cheese - admin
[2020-05-29T20:48:08.340] [DEBUG] cheese - null
[2020-05-29T20:48:08.340] [DEBUG] cheese - null
[2020-05-29T22:27:04.175] [DEBUG] cheese - login => username:admin,password:123456
[2020-05-29T22:27:04.176] [DEBUG] cheese - admin
[2020-05-29T22:27:04.178] [DEBUG] cheese - null
[2020-05-29T22:27:04.178] [DEBUG] cheese - null
[2020-05-29T22:27:23.610] [DEBUG] cheese - login => username:admin,password:123456
[2020-05-29T22:27:23.610] [DEBUG] cheese - admin
[2020-05-29T22:27:23.614] [DEBUG] cheese - null
[2020-05-29T22:27:23.614] [DEBUG] cheese - null
[2020-05-29T22:41:43.922] [DEBUG] cheese - login => username:admin,password:123456
[2020-05-29T22:41:43.922] [DEBUG] cheese - admin
[2020-05-29T22:41:43.925] [DEBUG] cheese - null
[2020-05-29T22:41:43.925] [DEBUG] cheese - null
[2020-05-29T22:44:08.586] [DEBUG] cheese - login => username:admin,password:123456
[2020-05-29T22:44:08.586] [DEBUG] cheese - admin
[2020-05-29T22:44:08.589] [DEBUG] cheese - null
[2020-05-29T22:44:08.589] [DEBUG] cheese - null
[2020-05-29T22:44:58.381] [DEBUG] cheese - login => username:admin,password:123456
[2020-05-29T22:44:58.381] [DEBUG] cheese - admin
[2020-05-29T22:44:58.384] [DEBUG] cheese - null
[2020-05-29T22:44:58.384] [DEBUG] cheese - null
[2020-05-29T22:49:29.659] [DEBUG] cheese - login => username:admin,password:123456
[2020-05-29T22:49:29.659] [DEBUG] cheese - admin
[2020-05-29T22:49:29.662] [DEBUG] cheese - null
[2020-05-29T22:49:29.662] [DEBUG] cheese - null
[2020-05-29T23:05:03.396] [DEBUG] cheese - login => username:admin,password:123456
[2020-05-29T23:05:03.396] [DEBUG] cheese - admin
[2020-05-29T23:05:03.398] [DEBUG] cheese - null
[2020-05-29T23:05:03.399] [DEBUG] cheese - null
[2020-05-29T23:16:35.521] [DEBUG] cheese - login => username:admin,password:123456
[2020-05-29T23:16:35.521] [DEBUG] cheese - admin
[2020-05-29T23:16:35.524] [DEBUG] cheese - null
[2020-05-29T23:16:35.524] [DEBUG] cheese - null
[2020-05-29T23:20:17.176] [DEBUG] cheese - login => username:admin,password:123456
[2020-05-29T23:20:17.176] [DEBUG] cheese - admin
[2020-05-29T23:20:17.178] [DEBUG] cheese - null
[2020-05-29T23:20:17.178] [DEBUG] cheese - null
[2020-05-29T23:20:21.489] [DEBUG] cheese - login => username:admin,password:123456
[2020-05-29T23:20:21.489] [DEBUG] cheese - admin
[2020-05-29T23:20:21.491] [DEBUG] cheese - null
[2020-05-29T23:20:21.492] [DEBUG] cheese - null
[2020-05-29T23:23:03.900] [DEBUG] cheese - login => username:admin,password:123456
[2020-05-29T23:23:03.900] [DEBUG] cheese - admin
[2020-05-29T23:23:03.902] [DEBUG] cheese - null
[2020-05-29T23:23:03.902] [DEBUG] cheese - null
[2020-05-30T00:06:07.637] [DEBUG] cheese - login => username:admin,password:123456
[2020-05-30T00:06:07.637] [DEBUG] cheese - admin
[2020-05-30T00:06:07.642] [DEBUG] cheese - null
[2020-05-30T00:06:07.642] [DEBUG] cheese - null
[2020-05-30T12:00:10.253] [DEBUG] cheese - login => username:admin,password:123456
[2020-05-30T12:00:10.254] [DEBUG] cheese - admin
[2020-05-30T12:00:10.282] [DEBUG] cheese - null
[2020-05-30T12:00:10.282] [DEBUG] cheese - null
[2020-05-30T12:05:02.995] [DEBUG] cheese - login => username:admin,password:123456
[2020-05-30T12:05:02.995] [DEBUG] cheese - admin
[2020-05-30T12:05:02.998] [DEBUG] cheese - null
[2020-05-30T12:05:02.999] [DEBUG] cheese - null
[2020-05-30T12:38:48.837] [DEBUG] cheese - login => username:admin,password:123456
[2020-05-30T12:38:48.838] [DEBUG] cheese - admin
[2020-05-30T12:38:48.841] [DEBUG] cheese - null
[2020-05-30T12:38:48.841] [DEBUG] cheese - null
[2020-05-30T13:22:34.068] [DEBUG] cheese - login => username:admin,password:123456
[2020-05-30T13:22:34.069] [DEBUG] cheese - admin
[2020-05-30T13:22:34.072] [DEBUG] cheese - null
[2020-05-30T13:22:34.072] [DEBUG] cheese - null
[2020-05-30T13:22:36.918] [DEBUG] cheese - login => username:admin,password:123456
[2020-05-30T13:22:36.918] [DEBUG] cheese - admin
[2020-05-30T13:22:36.921] [DEBUG] cheese - null
[2020-05-30T13:22:36.921] [DEBUG] cheese - null
[2020-05-30T16:24:28.791] [DEBUG] cheese - login => username:admin,password:123456
[2020-05-30T16:24:28.791] [DEBUG] cheese - admin
[2020-05-30T16:24:28.794] [DEBUG] cheese - null
[2020-05-30T16:24:28.795] [DEBUG] cheese - null
[2020-05-30T18:19:48.894] [DEBUG] cheese - login => username:admin,password:123456
[2020-05-30T18:19:48.894] [DEBUG] cheese - admin
[2020-05-30T18:19:48.896] [DEBUG] cheese - null
[2020-05-30T18:19:48.896] [DEBUG] cheese - null
[2020-05-30T18:35:02.979] [DEBUG] cheese - login => username:admin,password:123456
[2020-05-30T18:35:02.979] [DEBUG] cheese - admin
[2020-05-30T18:35:02.981] [DEBUG] cheese - null
[2020-05-30T18:35:02.981] [DEBUG] cheese - null
[2020-05-30T22:05:45.607] [DEBUG] cheese - login => username:admin,password:123456
[2020-05-30T22:05:45.607] [DEBUG] cheese - admin
[2020-05-30T22:05:45.610] [DEBUG] cheese - null
[2020-05-30T22:05:45.610] [DEBUG] cheese - null
[2020-05-30T22:59:17.194] [DEBUG] cheese - login => username:admin,password:123456
[2020-05-30T22:59:17.194] [DEBUG] cheese - admin
[2020-05-30T22:59:17.196] [DEBUG] cheese - null
[2020-05-30T22:59:17.196] [DEBUG] cheese - null
[2020-05-30T23:01:53.212] [DEBUG] cheese - login => username:admin,password:123456
[2020-05-30T23:01:53.212] [DEBUG] cheese - admin
[2020-05-30T23:01:53.215] [DEBUG] cheese - null
[2020-05-30T23:01:53.215] [DEBUG] cheese - null
[2020-05-31T14:26:37.854] [DEBUG] cheese - login => username:admin,password:123456
[2020-05-31T14:26:37.855] [DEBUG] cheese - admin
[2020-05-31T14:26:37.884] [DEBUG] cheese - null
[2020-05-31T14:26:37.885] [DEBUG] cheese - null
[2020-05-31T14:27:14.647] [DEBUG] cheese - login => username:admin,password:123456
[2020-05-31T14:27:14.647] [DEBUG] cheese - admin
[2020-05-31T14:27:14.650] [DEBUG] cheese - null
[2020-05-31T14:27:14.650] [DEBUG] cheese - null
[2020-05-31T14:28:32.058] [DEBUG] cheese - login => username:admin,password:123456
[2020-05-31T14:28:32.058] [DEBUG] cheese - admin
[2020-05-31T14:28:32.061] [DEBUG] cheese - null
[2020-05-31T14:28:32.061] [DEBUG] cheese - null
[2020-05-31T14:31:30.974] [DEBUG] cheese - login => username:admin,password:123456
[2020-05-31T14:31:30.974] [DEBUG] cheese - admin
[2020-05-31T14:31:30.976] [DEBUG] cheese - null
[2020-05-31T14:31:30.976] [DEBUG] cheese - null
[2020-05-31T14:31:45.867] [DEBUG] cheese - login => username:admin,password:123456
[2020-05-31T14:31:45.867] [DEBUG] cheese - admin
[2020-05-31T14:31:45.870] [DEBUG] cheese - null
[2020-05-31T14:31:45.870] [DEBUG] cheese - null
[2020-05-31T14:33:33.356] [DEBUG] cheese - login => username:admin,password:123456
[2020-05-31T14:33:33.356] [DEBUG] cheese - admin
[2020-05-31T14:33:33.360] [DEBUG] cheese - null
[2020-05-31T14:33:33.360] [DEBUG] cheese - null
[2020-05-31T14:34:13.316] [DEBUG] cheese - login => username:admin,password:123456
[2020-05-31T14:34:13.316] [DEBUG] cheese - admin
[2020-05-31T14:34:13.318] [DEBUG] cheese - null
[2020-05-31T14:34:13.318] [DEBUG] cheese - null
[2020-05-31T14:35:41.948] [DEBUG] cheese - login => username:admin,password:123456
[2020-05-31T14:35:41.948] [DEBUG] cheese - admin
[2020-05-31T14:35:41.951] [DEBUG] cheese - null
[2020-05-31T14:35:41.951] [DEBUG] cheese - null
[2020-05-31T14:35:51.613] [DEBUG] cheese - login => username:admin,password:123456
[2020-05-31T14:35:51.613] [DEBUG] cheese - admin
[2020-05-31T14:35:51.615] [DEBUG] cheese - null
[2020-05-31T14:35:51.616] [DEBUG] cheese - null
[2020-05-31T14:36:22.982] [DEBUG] cheese - login => username:admin,password:123456
[2020-05-31T14:36:22.982] [DEBUG] cheese - admin
[2020-05-31T14:36:22.984] [DEBUG] cheese - null
[2020-05-31T14:36:22.984] [DEBUG] cheese - null
[2020-05-31T14:57:23.125] [DEBUG] cheese - login => username:admin,password:123456
[2020-05-31T14:57:23.125] [DEBUG] cheese - admin
[2020-05-31T14:57:23.128] [DEBUG] cheese - null
[2020-05-31T14:57:23.128] [DEBUG] cheese - null
[2020-05-31T14:58:47.414] [DEBUG] cheese - login => username:admin,password:123456
[2020-05-31T14:58:47.414] [DEBUG] cheese - admin
[2020-05-31T14:58:47.416] [DEBUG] cheese - null
[2020-05-31T14:58:47.416] [DEBUG] cheese - null
[2020-05-31T15:00:49.164] [DEBUG] cheese - login => username:admin,password:123456
[2020-05-31T15:00:49.164] [DEBUG] cheese - admin
[2020-05-31T15:00:49.167] [DEBUG] cheese - null
[2020-05-31T15:00:49.167] [DEBUG] cheese - null
[2020-05-31T15:06:23.748] [DEBUG] cheese - login => username:admin,password:123456
[2020-05-31T15:06:23.748] [DEBUG] cheese - admin
[2020-05-31T15:06:23.751] [DEBUG] cheese - null
[2020-05-31T15:06:23.751] [DEBUG] cheese - null
[2020-05-31T15:30:18.006] [DEBUG] cheese - login => username:admin,password:123456
[2020-05-31T15:30:18.006] [DEBUG] cheese - admin
[2020-05-31T15:30:18.008] [DEBUG] cheese - null
[2020-05-31T15:30:18.009] [DEBUG] cheese - null
[2020-05-31T15:50:05.041] [DEBUG] cheese - login => username:admin,password:123456
[2020-05-31T15:50:05.041] [DEBUG] cheese - admin
[2020-05-31T15:50:05.045] [DEBUG] cheese - null
[2020-05-31T15:50:05.045] [DEBUG] cheese - null
[2020-05-31T15:54:24.274] [DEBUG] cheese - login => username:admin,password:123456
[2020-05-31T15:54:24.274] [DEBUG] cheese - admin
[2020-05-31T15:54:24.276] [DEBUG] cheese - null
[2020-05-31T15:54:24.276] [DEBUG] cheese - null
[2020-05-31T16:00:02.364] [DEBUG] cheese - login => username:admin,password:123456
[2020-05-31T16:00:02.364] [DEBUG] cheese - admin
[2020-05-31T16:00:02.367] [DEBUG] cheese - null
[2020-05-31T16:00:02.367] [DEBUG] cheese - null
[2020-05-31T16:52:53.295] [DEBUG] cheese - login => username:admin,password:123456
[2020-05-31T16:52:53.295] [DEBUG] cheese - admin
[2020-05-31T16:52:53.297] [DEBUG] cheese - null
[2020-05-31T16:52:53.297] [DEBUG] cheese - null
[2020-05-31T17:23:36.683] [DEBUG] cheese - login => username:admin,password:123456
[2020-05-31T17:23:36.683] [DEBUG] cheese - admin
[2020-05-31T17:23:36.685] [DEBUG] cheese - null
[2020-05-31T17:23:36.685] [DEBUG] cheese - null
[2020-05-31T17:39:25.556] [DEBUG] cheese - login => username:admin,password:123456
[2020-05-31T17:39:25.556] [DEBUG] cheese - admin
[2020-05-31T17:39:25.558] [DEBUG] cheese - null
[2020-05-31T17:39:25.558] [DEBUG] cheese - null
[2020-05-31T17:49:46.713] [DEBUG] cheese - login => username:admin,password:123456
[2020-05-31T17:49:46.713] [DEBUG] cheese - admin
[2020-05-31T17:49:46.716] [DEBUG] cheese - null
[2020-05-31T17:49:46.716] [DEBUG] cheese - null
[2020-05-31T17:50:30.687] [DEBUG] cheese - login => username:admin,password:123456
[2020-05-31T17:50:30.688] [DEBUG] cheese - admin
[2020-05-31T17:50:30.691] [DEBUG] cheese - null
[2020-05-31T17:50:30.691] [DEBUG] cheese - null
[2020-05-31T18:32:14.859] [DEBUG] cheese - login => username:admin,password:123456
[2020-05-31T18:32:14.859] [DEBUG] cheese - admin
[2020-05-31T18:32:14.862] [DEBUG] cheese - null
[2020-05-31T18:32:14.863] [DEBUG] cheese - null
[2020-05-31T19:49:18.810] [DEBUG] cheese - login => username:admin,password:123456
[2020-05-31T19:49:18.810] [DEBUG] cheese - admin
[2020-05-31T19:49:18.814] [DEBUG] cheese - null
[2020-05-31T19:49:18.815] [DEBUG] cheese - null
[2020-05-31T19:51:31.249] [DEBUG] cheese - login => username:admin,password:123456
[2020-05-31T19:51:31.249] [DEBUG] cheese - admin
[2020-05-31T19:51:31.251] [DEBUG] cheese - null
[2020-05-31T19:51:31.252] [DEBUG] cheese - null
[2020-05-31T19:58:39.585] [DEBUG] cheese - login => username:admin,password:123456
[2020-05-31T19:58:39.585] [DEBUG] cheese - admin
[2020-05-31T19:58:39.588] [DEBUG] cheese - null
[2020-05-31T19:58:39.589] [DEBUG] cheese - null
[2020-05-31T20:00:12.883] [DEBUG] cheese - login => username:admin,password:123456
[2020-05-31T20:00:12.884] [DEBUG] cheese - admin
[2020-05-31T20:00:12.886] [DEBUG] cheese - null
[2020-05-31T20:00:12.886] [DEBUG] cheese - null
[2020-05-31T20:00:53.551] [DEBUG] cheese - login => username:admin,password:123456
[2020-05-31T20:00:53.551] [DEBUG] cheese - admin
[2020-05-31T20:00:53.553] [DEBUG] cheese - null
[2020-05-31T20:00:53.553] [DEBUG] cheese - null
[2020-05-31T20:18:48.601] [DEBUG] cheese - login => username:admin,password:123456
[2020-05-31T20:18:48.602] [DEBUG] cheese - admin
[2020-05-31T20:18:48.606] [DEBUG] cheese - null
[2020-05-31T20:18:48.606] [DEBUG] cheese - null
[2020-05-31T20:24:54.568] [DEBUG] cheese - login => username:admin,password:123456
[2020-05-31T20:24:54.568] [DEBUG] cheese - admin
[2020-05-31T20:24:54.571] [DEBUG] cheese - null
[2020-05-31T20:24:54.571] [DEBUG] cheese - null
[2020-06-01T14:11:35.554] [DEBUG] cheese - login => username:admin,password:123456
[2020-06-01T14:11:35.556] [DEBUG] cheese - admin
[2020-06-01T14:11:35.583] [DEBUG] cheese - null
[2020-06-01T14:11:35.583] [DEBUG] cheese - null
[2020-06-01T14:32:53.698] [DEBUG] cheese - login => username:admin,password:123456
[2020-06-01T14:32:53.698] [DEBUG] cheese - admin
[2020-06-01T14:32:53.702] [DEBUG] cheese - null
[2020-06-01T14:32:53.702] [DEBUG] cheese - null
[2020-06-01T14:33:09.561] [DEBUG] cheese - login => username:admin,password:123456
[2020-06-01T14:33:09.561] [DEBUG] cheese - admin
[2020-06-01T14:33:09.564] [DEBUG] cheese - null
[2020-06-01T14:33:09.564] [DEBUG] cheese - null
[2020-06-01T14:36:40.661] [DEBUG] cheese - login => username:admin,password:123456
[2020-06-01T14:36:40.661] [DEBUG] cheese - admin
[2020-06-01T14:36:40.664] [DEBUG] cheese - null
[2020-06-01T14:36:40.664] [DEBUG] cheese - null
[2020-06-01T14:38:16.999] [DEBUG] cheese - login => username:admin,password:123456
[2020-06-01T14:38:17.000] [DEBUG] cheese - admin
[2020-06-01T14:38:17.003] [DEBUG] cheese - null
[2020-06-01T14:38:17.003] [DEBUG] cheese - null
[2020-06-01T14:38:23.536] [DEBUG] cheese - login => username:admin,password:123456
[2020-06-01T14:38:23.536] [DEBUG] cheese - admin
[2020-06-01T14:38:23.538] [DEBUG] cheese - null
[2020-06-01T14:38:23.538] [DEBUG] cheese - null
[2020-06-01T14:47:55.286] [DEBUG] cheese - login => username:admin,password:123456
[2020-06-01T14:47:55.286] [DEBUG] cheese - admin
[2020-06-01T14:47:55.290] [DEBUG] cheese - null
[2020-06-01T14:47:55.290] [DEBUG] cheese - null
[2020-06-01T14:50:11.898] [DEBUG] cheese - login => username:admin,password:123456
[2020-06-01T14:50:11.898] [DEBUG] cheese - admin
[2020-06-01T14:50:11.900] [DEBUG] cheese - null
[2020-06-01T14:50:11.900] [DEBUG] cheese - null
[2020-06-01T14:51:00.582] [DEBUG] cheese - login => username:admin,password:123456
[2020-06-01T14:51:00.583] [DEBUG] cheese - admin
[2020-06-01T14:51:00.586] [DEBUG] cheese - null
[2020-06-01T14:51:00.586] [DEBUG] cheese - null
[2020-06-01T15:03:35.337] [DEBUG] cheese - login => username:admin,password:123456
[2020-06-01T15:03:35.337] [DEBUG] cheese - admin
[2020-06-01T15:03:35.339] [DEBUG] cheese - null
[2020-06-01T15:03:35.339] [DEBUG] cheese - null
[2020-06-01T15:05:15.430] [DEBUG] cheese - login => username:admin,password:123456
[2020-06-01T15:05:15.430] [DEBUG] cheese - admin
[2020-06-01T15:05:15.433] [DEBUG] cheese - null
[2020-06-01T15:05:15.433] [DEBUG] cheese - null
[2020-06-01T15:05:35.707] [DEBUG] cheese - login => username:admin,password:123456
[2020-06-01T15:05:35.707] [DEBUG] cheese - admin
[2020-06-01T15:05:35.711] [DEBUG] cheese - null
[2020-06-01T15:05:35.711] [DEBUG] cheese - null
[2020-06-01T15:06:37.422] [DEBUG] cheese - login => username:admin,password:123456
[2020-06-01T15:06:37.422] [DEBUG] cheese - admin
[2020-06-01T15:06:37.425] [DEBUG] cheese - null
[2020-06-01T15:06:37.425] [DEBUG] cheese - null
[2020-06-01T15:07:16.870] [DEBUG] cheese - login => username:admin,password:123456
[2020-06-01T15:07:16.870] [DEBUG] cheese - admin
[2020-06-01T15:07:16.873] [DEBUG] cheese - null
[2020-06-01T15:07:16.873] [DEBUG] cheese - null
[2020-06-01T15:07:49.272] [DEBUG] cheese - login => username:admin,password:123456
[2020-06-01T15:07:49.272] [DEBUG] cheese - admin
[2020-06-01T15:07:49.274] [DEBUG] cheese - null
[2020-06-01T15:07:49.274] [DEBUG] cheese - null
[2020-06-01T15:09:40.502] [DEBUG] cheese - login => username:admin,password:123456
[2020-06-01T15:09:40.502] [DEBUG] cheese - admin
[2020-06-01T15:09:40.504] [DEBUG] cheese - null
[2020-06-01T15:09:40.505] [DEBUG] cheese - null
[2020-06-01T15:10:16.118] [DEBUG] cheese - login => username:admin,password:123456
[2020-06-01T15:10:16.118] [DEBUG] cheese - admin
[2020-06-01T15:10:16.121] [DEBUG] cheese - null
[2020-06-01T15:10:16.121] [DEBUG] cheese - null
[2020-06-01T15:55:34.485] [DEBUG] cheese - login => username:admin,password:123456
[2020-06-01T15:55:34.485] [DEBUG] cheese - admin
[2020-06-01T15:55:34.488] [DEBUG] cheese - null
[2020-06-01T15:55:34.488] [DEBUG] cheese - null
[2020-06-01T15:56:14.963] [DEBUG] cheese - login => username:admin,password:123456
[2020-06-01T15:56:14.963] [DEBUG] cheese - admin
[2020-06-01T15:56:14.966] [DEBUG] cheese - null
[2020-06-01T15:56:14.966] [DEBUG] cheese - null
[2020-06-01T16:00:52.980] [DEBUG] cheese - login => username:admin,password:123456
[2020-06-01T16:00:52.980] [DEBUG] cheese - admin
[2020-06-01T16:00:52.983] [DEBUG] cheese - null
[2020-06-01T16:00:52.983] [DEBUG] cheese - null
[2020-06-01T16:01:13.194] [DEBUG] cheese - login => username:admin,password:123456
[2020-06-01T16:01:13.194] [DEBUG] cheese - admin
[2020-06-01T16:01:13.196] [DEBUG] cheese - null
[2020-06-01T16:01:13.196] [DEBUG] cheese - null
[2020-06-01T16:01:20.692] [DEBUG] cheese - login => username:admin,password:123456
[2020-06-01T16:01:20.693] [DEBUG] cheese - admin
[2020-06-01T16:01:20.695] [DEBUG] cheese - null
[2020-06-01T16:01:20.695] [DEBUG] cheese - null
[2020-06-01T16:01:43.753] [DEBUG] cheese - login => username:admin,password:123456
[2020-06-01T16:01:43.753] [DEBUG] cheese - admin
[2020-06-01T16:01:43.756] [DEBUG] cheese - null
[2020-06-01T16:01:43.756] [DEBUG] cheese - null
[2020-06-01T16:02:23.755] [DEBUG] cheese - login => username:admin,password:123456
[2020-06-01T16:02:23.755] [DEBUG] cheese - admin
[2020-06-01T16:02:23.758] [DEBUG] cheese - null
[2020-06-01T16:02:23.758] [DEBUG] cheese - null
[2020-06-01T16:04:31.084] [DEBUG] cheese - login => username:admin,password:123456
[2020-06-01T16:04:31.084] [DEBUG] cheese - admin
[2020-06-01T16:04:31.087] [DEBUG] cheese - null
[2020-06-01T16:04:31.087] [DEBUG] cheese - null
[2020-06-01T16:04:36.824] [DEBUG] cheese - login => username:admin,password:123456
[2020-06-01T16:04:36.824] [DEBUG] cheese - admin
[2020-06-01T16:04:36.827] [DEBUG] cheese - null
[2020-06-01T16:04:36.827] [DEBUG] cheese - null
[2020-06-01T16:08:27.340] [DEBUG] cheese - login => username:admin,password:123456
[2020-06-01T16:08:27.340] [DEBUG] cheese - admin
[2020-06-01T16:08:27.344] [DEBUG] cheese - null
[2020-06-01T16:08:27.344] [DEBUG] cheese - null
[2020-06-01T19:27:30.085] [DEBUG] cheese - login => username:admin,password:123456
[2020-06-01T19:27:30.085] [DEBUG] cheese - admin
[2020-06-01T19:27:30.087] [DEBUG] cheese - null
[2020-06-01T19:27:30.087] [DEBUG] cheese - null
[2020-06-01T19:30:34.808] [DEBUG] cheese - login => username:admin,password:123456
[2020-06-01T19:30:34.809] [DEBUG] cheese - admin
[2020-06-01T19:30:34.812] [DEBUG] cheese - null
[2020-06-01T19:30:34.812] [DEBUG] cheese - null
[2020-06-01T19:30:39.659] [DEBUG] cheese - login => username:admin,password:123456
[2020-06-01T19:30:39.659] [DEBUG] cheese - admin
[2020-06-01T19:30:39.662] [DEBUG] cheese - null
[2020-06-01T19:30:39.663] [DEBUG] cheese - null
[2020-06-01T20:58:19.226] [DEBUG] cheese - login => username:admin,password:123456
[2020-06-01T20:58:19.227] [DEBUG] cheese - admin
[2020-06-01T20:58:19.229] [DEBUG] cheese - null
[2020-06-01T20:58:19.229] [DEBUG] cheese - null
[2020-06-01T21:29:19.619] [DEBUG] cheese - login => username:admin,password:123456
[2020-06-01T21:29:19.620] [DEBUG] cheese - admin
[2020-06-01T21:29:19.622] [DEBUG] cheese - null
[2020-06-01T21:29:19.622] [DEBUG] cheese - null
[2020-06-01T21:34:07.262] [DEBUG] cheese - login => username:admin,password:123456
[2020-06-01T21:34:07.262] [DEBUG] cheese - admin
[2020-06-01T21:34:07.265] [DEBUG] cheese - null
[2020-06-01T21:34:07.265] [DEBUG] cheese - null
[2020-06-01T21:43:31.050] [DEBUG] cheese - login => username:admin,password:123456
[2020-06-01T21:43:31.050] [DEBUG] cheese - admin
[2020-06-01T21:43:31.053] [DEBUG] cheese - null
[2020-06-01T21:43:31.053] [DEBUG] cheese - null
[2020-06-01T21:47:10.087] [DEBUG] cheese - login => username:admin,password:123456
[2020-06-01T21:47:10.087] [DEBUG] cheese - admin
[2020-06-01T21:47:10.091] [DEBUG] cheese - null
[2020-06-01T21:47:10.091] [DEBUG] cheese - null
